<?xml version="1.0" encoding="UTF-8"?>
<testng-results skipped="0" failed="0" ignored="0" total="1" passed="1">
  <reporter-output>
  </reporter-output>
  <suite name="Suite" duration-ms="39814" started-at="2020-01-09T15:47:22 IST" finished-at="2020-01-09T15:48:02 IST">
    <groups>
    </groups>
    <test name="Test1" duration-ms="39814" started-at="2020-01-09T15:47:22 IST" finished-at="2020-01-09T15:48:02 IST">
      <class name="com.CRM.TestCases.CRMLogInTest">
        <test-method status="PASS" signature="setUpFramework()[pri:0, instance:com.CRM.TestCases.CRMLogInTest@3c0a50da]" name="setUpFramework" is-config="true" duration-ms="31" started-at="2020-01-09T15:47:22 IST" finished-at="2020-01-09T15:47:22 IST">
          <reporter-output>
          </reporter-output>
        </test-method> <!-- setUpFramework -->
        <test-method status="PASS" signature="setExtent()[pri:0, instance:com.CRM.TestCases.CRMLogInTest@3c0a50da]" name="setExtent" is-config="true" duration-ms="53" started-at="2020-01-09T15:47:22 IST" finished-at="2020-01-09T15:47:22 IST">
          <reporter-output>
          </reporter-output>
        </test-method> <!-- setExtent -->
        <test-method status="PASS" signature="crmLogInTest(java.util.Hashtable)[pri:0, instance:com.CRM.TestCases.CRMLogInTest@3c0a50da]" name="crmLogInTest" duration-ms="37273" started-at="2020-01-09T15:47:23 IST" data-provider="masterDP" finished-at="2020-01-09T15:48:00 IST">
          <params>
            <param index="0">
              <value>
                <![CDATA[{url=https://ui.cogmento.com/, browser=chrome, password=Bike@8088, Runmode=Y, username=saurabh71289@gmail.com}]]>
              </value>
            </param>
          </params>
          <reporter-output>
          </reporter-output>
        </test-method> <!-- crmLogInTest -->
        <test-method status="PASS" signature="tearDown()[pri:0, instance:com.CRM.TestCases.CRMLogInTest@3c0a50da]" name="tearDown" is-config="true" duration-ms="1426" started-at="2020-01-09T15:48:00 IST" finished-at="2020-01-09T15:48:02 IST">
          <reporter-output>
          </reporter-output>
        </test-method> <!-- tearDown -->
      </class> <!-- com.CRM.TestCases.CRMLogInTest -->
    </test> <!-- Test1 -->
  </suite> <!-- Suite -->
</testng-results>
